mode: set
github.com/Workiva/go-datastructures/augmentedtree/atree.go:3.56,5.2 1 1
github.com/Workiva/go-datastructures/augmentedtree/atree.go:15.58,16.87 1 1
github.com/Workiva/go-datastructures/augmentedtree/atree.go:20.2,20.40 1 1
github.com/Workiva/go-datastructures/augmentedtree/atree.go:24.2,24.87 1 1
github.com/Workiva/go-datastructures/augmentedtree/atree.go:16.87,18.3 1 1
github.com/Workiva/go-datastructures/augmentedtree/atree.go:20.40,22.3 1 1
github.com/Workiva/go-datastructures/augmentedtree/atree.go:24.87,26.3 1 1
github.com/Workiva/go-datastructures/augmentedtree/atree.go:29.31,30.26 1 1
github.com/Workiva/go-datastructures/augmentedtree/atree.go:36.2,36.17 1 1
github.com/Workiva/go-datastructures/augmentedtree/atree.go:30.26,31.27 1 1
github.com/Workiva/go-datastructures/augmentedtree/atree.go:31.27,33.4 1 1
github.com/Workiva/go-datastructures/augmentedtree/atree.go:39.30,42.2 2 1
github.com/Workiva/go-datastructures/augmentedtree/atree.go:44.22,48.2 1 1
github.com/Workiva/go-datastructures/augmentedtree/atree.go:50.64,58.21 2 1
github.com/Workiva/go-datastructures/augmentedtree/atree.go:64.2,64.12 1 1
github.com/Workiva/go-datastructures/augmentedtree/atree.go:58.21,62.3 3 1
github.com/Workiva/go-datastructures/augmentedtree/atree.go:73.32,76.2 2 1
github.com/Workiva/go-datastructures/augmentedtree/atree.go:80.42,81.20 1 1
github.com/Workiva/go-datastructures/augmentedtree/atree.go:85.2,85.22 1 1
github.com/Workiva/go-datastructures/augmentedtree/atree.go:89.2,89.22 1 1
github.com/Workiva/go-datastructures/augmentedtree/atree.go:81.20,83.3 1 1
github.com/Workiva/go-datastructures/augmentedtree/atree.go:85.22,87.3 1 1
github.com/Workiva/go-datastructures/augmentedtree/atree.go:93.42,94.20 1 1
github.com/Workiva/go-datastructures/augmentedtree/atree.go:98.2,98.22 1 1
github.com/Workiva/go-datastructures/augmentedtree/atree.go:102.2,102.22 1 1
github.com/Workiva/go-datastructures/augmentedtree/atree.go:94.20,96.3 1 1
github.com/Workiva/go-datastructures/augmentedtree/atree.go:98.22,100.3 1 1
github.com/Workiva/go-datastructures/augmentedtree/atree.go:106.29,108.2 1 1
github.com/Workiva/go-datastructures/augmentedtree/atree.go:111.39,112.22 1 1
github.com/Workiva/go-datastructures/augmentedtree/atree.go:123.2,138.6 4 1
github.com/Workiva/go-datastructures/augmentedtree/atree.go:180.2,181.23 2 1
github.com/Workiva/go-datastructures/augmentedtree/atree.go:112.22,121.3 4 1
github.com/Workiva/go-datastructures/augmentedtree/atree.go:138.6,139.18 1 1
github.com/Workiva/go-datastructures/augmentedtree/atree.go:148.3,148.21 1 1
github.com/Workiva/go-datastructures/augmentedtree/atree.go:152.3,152.23 1 1
github.com/Workiva/go-datastructures/augmentedtree/atree.go:156.3,156.35 1 1
github.com/Workiva/go-datastructures/augmentedtree/atree.go:166.3,166.20 1 1
github.com/Workiva/go-datastructures/augmentedtree/atree.go:170.3,174.25 4 1
github.com/Workiva/go-datastructures/augmentedtree/atree.go:177.3,177.63 1 1
github.com/Workiva/go-datastructures/augmentedtree/atree.go:139.18,143.4 3 1
github.com/Workiva/go-datastructures/augmentedtree/atree.go:143.4,143.64 1 1
github.com/Workiva/go-datastructures/augmentedtree/atree.go:143.64,147.4 3 1
github.com/Workiva/go-datastructures/augmentedtree/atree.go:148.21,150.4 1 1
github.com/Workiva/go-datastructures/augmentedtree/atree.go:152.23,154.4 1 1
github.com/Workiva/go-datastructures/augmentedtree/atree.go:156.35,159.37 2 1
github.com/Workiva/go-datastructures/augmentedtree/atree.go:159.37,161.5 1 1
github.com/Workiva/go-datastructures/augmentedtree/atree.go:161.5,163.5 1 1
github.com/Workiva/go-datastructures/augmentedtree/atree.go:166.20,167.9 1 1
github.com/Workiva/go-datastructures/augmentedtree/atree.go:174.25,176.4 1 1
github.com/Workiva/go-datastructures/augmentedtree/atree.go:185.49,186.31 1 1
github.com/Workiva/go-datastructures/augmentedtree/atree.go:186.31,188.3 1 1
github.com/Workiva/go-datastructures/augmentedtree/atree.go:192.39,193.22 1 1
github.com/Workiva/go-datastructures/augmentedtree/atree.go:197.2,209.32 4 1
github.com/Workiva/go-datastructures/augmentedtree/atree.go:257.2,257.18 1 1
github.com/Workiva/go-datastructures/augmentedtree/atree.go:266.2,267.22 2 1
github.com/Workiva/go-datastructures/augmentedtree/atree.go:193.22,195.3 1 1
github.com/Workiva/go-datastructures/augmentedtree/atree.go:209.32,218.20 6 1
github.com/Workiva/go-datastructures/augmentedtree/atree.go:222.3,222.49 1 1
github.com/Workiva/go-datastructures/augmentedtree/atree.go:218.20,220.4 1 1
github.com/Workiva/go-datastructures/augmentedtree/atree.go:222.49,223.38 1 1
github.com/Workiva/go-datastructures/augmentedtree/atree.go:223.38,226.5 2 1
github.com/Workiva/go-datastructures/augmentedtree/atree.go:226.5,226.46 1 1
github.com/Workiva/go-datastructures/augmentedtree/atree.go:226.46,229.17 2 1
github.com/Workiva/go-datastructures/augmentedtree/atree.go:229.17,230.67 1 1
github.com/Workiva/go-datastructures/augmentedtree/atree.go:230.67,234.7 3 1
github.com/Workiva/go-datastructures/augmentedtree/atree.go:234.7,237.34 2 1
github.com/Workiva/go-datastructures/augmentedtree/atree.go:247.7,250.61 4 1
github.com/Workiva/go-datastructures/augmentedtree/atree.go:237.34,241.8 1 0
github.com/Workiva/go-datastructures/augmentedtree/atree.go:241.8,241.46 1 1
github.com/Workiva/go-datastructures/augmentedtree/atree.go:241.46,245.8 1 1
github.com/Workiva/go-datastructures/augmentedtree/atree.go:257.18,264.3 5 1
github.com/Workiva/go-datastructures/augmentedtree/atree.go:267.22,269.3 1 1
github.com/Workiva/go-datastructures/augmentedtree/atree.go:273.49,274.31 1 1
github.com/Workiva/go-datastructures/augmentedtree/atree.go:277.2,277.22 1 1
github.com/Workiva/go-datastructures/augmentedtree/atree.go:274.31,276.3 1 1
github.com/Workiva/go-datastructures/augmentedtree/atree.go:277.22,279.3 1 1
github.com/Workiva/go-datastructures/augmentedtree/atree.go:285.54,286.22 1 1
github.com/Workiva/go-datastructures/augmentedtree/atree.go:290.2,296.50 2 1
github.com/Workiva/go-datastructures/augmentedtree/atree.go:300.2,300.18 1 1
github.com/Workiva/go-datastructures/augmentedtree/atree.go:286.22,288.3 1 1
github.com/Workiva/go-datastructures/augmentedtree/atree.go:296.50,298.3 1 1
github.com/Workiva/go-datastructures/augmentedtree/atree.go:303.60,304.22 1 1
github.com/Workiva/go-datastructures/augmentedtree/atree.go:308.2,309.32 2 1
github.com/Workiva/go-datastructures/augmentedtree/atree.go:304.22,306.3 1 1
github.com/Workiva/go-datastructures/augmentedtree/atree.go:312.29,314.2 1 1
github.com/Workiva/go-datastructures/augmentedtree/atree.go:316.27,319.70 2 1
github.com/Workiva/go-datastructures/augmentedtree/atree.go:323.2,323.70 1 1
github.com/Workiva/go-datastructures/augmentedtree/atree.go:319.70,321.3 1 1
github.com/Workiva/go-datastructures/augmentedtree/atree.go:323.70,325.3 1 1
github.com/Workiva/go-datastructures/augmentedtree/atree.go:328.27,330.70 2 1
github.com/Workiva/go-datastructures/augmentedtree/atree.go:334.2,334.70 1 1
github.com/Workiva/go-datastructures/augmentedtree/atree.go:338.2,338.29 1 1
github.com/Workiva/go-datastructures/augmentedtree/atree.go:330.70,332.3 1 1
github.com/Workiva/go-datastructures/augmentedtree/atree.go:334.70,336.3 1 0
github.com/Workiva/go-datastructures/augmentedtree/atree.go:338.29,340.3 1 0
github.com/Workiva/go-datastructures/augmentedtree/atree.go:343.42,358.2 12 1
github.com/Workiva/go-datastructures/augmentedtree/atree.go:360.48,365.2 3 1
github.com/Workiva/go-datastructures/augmentedtree/atree.go:367.34,368.11 1 1
github.com/Workiva/go-datastructures/augmentedtree/atree.go:372.2,372.10 1 1
github.com/Workiva/go-datastructures/augmentedtree/atree.go:368.11,370.3 1 1
github.com/Workiva/go-datastructures/augmentedtree/atree.go:375.34,377.2 1 1
github.com/Workiva/go-datastructures/augmentedtree/atree.go:379.35,384.2 1 1
github.com/Workiva/go-datastructures/augmentedtree/atree.go:388.31,389.21 1 0
github.com/Workiva/go-datastructures/augmentedtree/atree.go:393.2,393.44 1 0
github.com/Workiva/go-datastructures/augmentedtree/atree.go:389.21,391.3 1 0
github.com/Workiva/go-datastructures/augmentedtree/intervals.go:6.26,8.3 1 1
github.com/Workiva/go-datastructures/augmentedtree/intervals.go:16.33,17.33 1 1
github.com/Workiva/go-datastructures/augmentedtree/intervals.go:21.2,22.25 2 1
github.com/Workiva/go-datastructures/augmentedtree/intervals.go:17.33,19.3 1 1
github.com/Workiva/go-datastructures/augmentedtree/multidimensional.go:17.64,21.35 3 1
github.com/Workiva/go-datastructures/augmentedtree/multidimensional.go:31.2,31.11 1 1
github.com/Workiva/go-datastructures/augmentedtree/multidimensional.go:21.35,22.24 1 1
github.com/Workiva/go-datastructures/augmentedtree/multidimensional.go:22.24,23.31 1 1
github.com/Workiva/go-datastructures/augmentedtree/multidimensional.go:27.4,27.13 1 1
github.com/Workiva/go-datastructures/augmentedtree/multidimensional.go:23.31,25.5 1 1
github.com/Workiva/go-datastructures/augmentedtree/multidimensional.go:35.64,39.35 3 1
github.com/Workiva/go-datastructures/augmentedtree/multidimensional.go:49.2,49.11 1 1
github.com/Workiva/go-datastructures/augmentedtree/multidimensional.go:39.35,40.24 1 1
github.com/Workiva/go-datastructures/augmentedtree/multidimensional.go:40.24,41.31 1 1
github.com/Workiva/go-datastructures/augmentedtree/multidimensional.go:45.4,45.13 1 1
github.com/Workiva/go-datastructures/augmentedtree/multidimensional.go:41.31,43.5 1 1
github.com/Workiva/go-datastructures/augmentedtree/multidimensional.go:53.44,55.2 1 1
github.com/Workiva/go-datastructures/augmentedtree/multidimensional.go:58.57,59.37 1 1
github.com/Workiva/go-datastructures/augmentedtree/multidimensional.go:63.2,63.43 1 1
github.com/Workiva/go-datastructures/augmentedtree/multidimensional.go:59.37,61.3 1 1
github.com/Workiva/go-datastructures/augmentedtree/multidimensional.go:67.57,68.37 1 1
github.com/Workiva/go-datastructures/augmentedtree/multidimensional.go:72.2,72.43 1 1
github.com/Workiva/go-datastructures/augmentedtree/multidimensional.go:68.37,70.3 1 1
github.com/Workiva/go-datastructures/augmentedtree/multidimensional.go:77.69,83.35 5 1
github.com/Workiva/go-datastructures/augmentedtree/multidimensional.go:103.2,106.37 3 1
github.com/Workiva/go-datastructures/augmentedtree/multidimensional.go:120.2,121.15 2 1
github.com/Workiva/go-datastructures/augmentedtree/multidimensional.go:83.35,84.24 1 1
github.com/Workiva/go-datastructures/augmentedtree/multidimensional.go:84.24,85.31 1 1
github.com/Workiva/go-datastructures/augmentedtree/multidimensional.go:99.4,99.13 1 1
github.com/Workiva/go-datastructures/augmentedtree/multidimensional.go:85.31,86.46 1 1
github.com/Workiva/go-datastructures/augmentedtree/multidimensional.go:91.5,92.40 2 1
github.com/Workiva/go-datastructures/augmentedtree/multidimensional.go:96.5,96.31 1 1
github.com/Workiva/go-datastructures/augmentedtree/multidimensional.go:86.46,88.14 2 1
github.com/Workiva/go-datastructures/augmentedtree/multidimensional.go:92.40,94.6 1 1
github.com/Workiva/go-datastructures/augmentedtree/multidimensional.go:106.37,108.26 2 1
github.com/Workiva/go-datastructures/augmentedtree/multidimensional.go:115.3,115.17 1 1
github.com/Workiva/go-datastructures/augmentedtree/multidimensional.go:108.26,109.46 1 1
github.com/Workiva/go-datastructures/augmentedtree/multidimensional.go:109.46,111.10 2 0
github.com/Workiva/go-datastructures/augmentedtree/multidimensional.go:115.17,117.4 1 1
github.com/Workiva/go-datastructures/augmentedtree/multidimensional.go:124.68,126.34 2 1
github.com/Workiva/go-datastructures/augmentedtree/multidimensional.go:130.2,134.30 3 1
github.com/Workiva/go-datastructures/augmentedtree/multidimensional.go:142.2,142.62 1 1
github.com/Workiva/go-datastructures/augmentedtree/multidimensional.go:126.34,128.3 1 1
github.com/Workiva/go-datastructures/augmentedtree/multidimensional.go:134.30,135.22 1 1
github.com/Workiva/go-datastructures/augmentedtree/multidimensional.go:139.3,139.33 1 1
github.com/Workiva/go-datastructures/augmentedtree/multidimensional.go:135.22,136.12 1 1
github.com/Workiva/go-datastructures/augmentedtree/trees.go:7.32,10.32 3 1
github.com/Workiva/go-datastructures/augmentedtree/trees.go:13.2,13.14 1 1
github.com/Workiva/go-datastructures/augmentedtree/trees.go:10.32,12.3 1 1
