mode: set
github.com/Workiva/gotable/structures/rangetree/node.go:11.70,14.23 3 1
github.com/Workiva/gotable/structures/rangetree/node.go:20.2,20.10 1 1
github.com/Workiva/gotable/structures/rangetree/node.go:14.23,16.3 1 1
github.com/Workiva/gotable/structures/rangetree/node.go:16.3,18.3 1 1
github.com/Workiva/gotable/structures/rangetree/ordered.go:9.51,12.20 1 1
github.com/Workiva/gotable/structures/rangetree/ordered.go:12.20,12.54 1 1
github.com/Workiva/gotable/structures/rangetree/ordered.go:16.56,17.22 1 1
github.com/Workiva/gotable/structures/rangetree/ordered.go:22.2,22.37 1 1
github.com/Workiva/gotable/structures/rangetree/ordered.go:28.2,30.20 3 1
github.com/Workiva/gotable/structures/rangetree/ordered.go:17.22,20.3 2 1
github.com/Workiva/gotable/structures/rangetree/ordered.go:22.37,26.3 1 0
github.com/Workiva/gotable/structures/rangetree/ordered.go:33.47,36.2 2 1
github.com/Workiva/gotable/structures/rangetree/ordered.go:38.44,39.22 1 1
github.com/Workiva/gotable/structures/rangetree/ordered.go:43.2,45.35 3 1
github.com/Workiva/gotable/structures/rangetree/ordered.go:39.22,41.3 1 0
github.com/Workiva/gotable/structures/rangetree/ordered.go:48.48,51.52 2 1
github.com/Workiva/gotable/structures/rangetree/ordered.go:55.2,55.19 1 1
github.com/Workiva/gotable/structures/rangetree/ordered.go:51.52,53.3 1 0
github.com/Workiva/gotable/structures/rangetree/ordered.go:58.66,60.25 2 1
github.com/Workiva/gotable/structures/rangetree/ordered.go:64.2,64.36 1 1
github.com/Workiva/gotable/structures/rangetree/ordered.go:60.25,62.3 1 1
github.com/Workiva/gotable/structures/rangetree/ordered.go:64.36,65.33 1 1
github.com/Workiva/gotable/structures/rangetree/ordered.go:69.3,69.19 1 1
github.com/Workiva/gotable/structures/rangetree/ordered.go:65.33,66.9 1 1
github.com/Workiva/gotable/structures/rangetree/ordered.go:73.57,75.21 2 1
github.com/Workiva/gotable/structures/rangetree/ordered.go:79.2,79.29 1 1
github.com/Workiva/gotable/structures/rangetree/ordered.go:83.2,83.15 1 0
github.com/Workiva/gotable/structures/rangetree/ordered.go:75.21,77.3 1 1
github.com/Workiva/gotable/structures/rangetree/ordered.go:79.29,81.3 1 1
github.com/Workiva/gotable/structures/rangetree/ordered.go:87.49,93.22 4 1
github.com/Workiva/gotable/structures/rangetree/ordered.go:99.2,99.32 1 1
github.com/Workiva/gotable/structures/rangetree/ordered.go:103.2,107.19 5 1
github.com/Workiva/gotable/structures/rangetree/ordered.go:93.22,97.3 3 1
github.com/Workiva/gotable/structures/rangetree/ordered.go:99.32,101.3 1 0
github.com/Workiva/gotable/structures/rangetree/orderedtree.go:5.13,7.2 1 1
github.com/Workiva/gotable/structures/rangetree/orderedtree.go:9.47,11.2 1 1
github.com/Workiva/gotable/structures/rangetree/orderedtree.go:25.36,27.2 1 1
github.com/Workiva/gotable/structures/rangetree/orderedtree.go:29.49,31.2 1 0
github.com/Workiva/gotable/structures/rangetree/orderedtree.go:33.44,38.46 4 1
github.com/Workiva/gotable/structures/rangetree/orderedtree.go:38.46,41.50 3 1
github.com/Workiva/gotable/structures/rangetree/orderedtree.go:41.50,43.4 1 1
github.com/Workiva/gotable/structures/rangetree/orderedtree.go:47.49,48.32 1 1
github.com/Workiva/gotable/structures/rangetree/orderedtree.go:48.32,50.3 1 1
github.com/Workiva/gotable/structures/rangetree/orderedtree.go:53.44,59.46 5 1
github.com/Workiva/gotable/structures/rangetree/orderedtree.go:72.2,74.41 2 1
github.com/Workiva/gotable/structures/rangetree/orderedtree.go:59.46,62.18 3 1
github.com/Workiva/gotable/structures/rangetree/orderedtree.go:66.3,69.28 3 1
github.com/Workiva/gotable/structures/rangetree/orderedtree.go:62.18,64.4 1 1
github.com/Workiva/gotable/structures/rangetree/orderedtree.go:74.41,77.24 3 1
github.com/Workiva/gotable/structures/rangetree/orderedtree.go:77.24,78.9 1 1
github.com/Workiva/gotable/structures/rangetree/orderedtree.go:83.49,84.32 1 1
github.com/Workiva/gotable/structures/rangetree/orderedtree.go:84.32,86.3 1 1
github.com/Workiva/gotable/structures/rangetree/orderedtree.go:89.37,91.2 1 1
github.com/Workiva/gotable/structures/rangetree/orderedtree.go:94.36,98.47 2 1
github.com/Workiva/gotable/structures/rangetree/orderedtree.go:98.47,99.39 1 1
github.com/Workiva/gotable/structures/rangetree/orderedtree.go:99.39,101.4 1 1
github.com/Workiva/gotable/structures/rangetree/orderedtree.go:102.3,103.39 1 1
github.com/Workiva/gotable/structures/rangetree/orderedtree.go:103.39,108.4 1 1
github.com/Workiva/gotable/structures/rangetree/orderedtree.go:113.57,116.46 2 1
github.com/Workiva/gotable/structures/rangetree/orderedtree.go:120.2,120.16 1 1
github.com/Workiva/gotable/structures/rangetree/orderedtree.go:116.46,118.3 1 1
github.com/Workiva/gotable/structures/rangetree/orderedtree.go:123.53,128.2 1 1
github.com/Workiva/gotable/structures/rangetree/orderedtree.go:132.39,134.2 1 0
github.com/Workiva/gotable/structures/rangetree/entries.go:6.26,8.3 1 1
github.com/Workiva/gotable/structures/rangetree/entries.go:17.35,18.37 1 1
github.com/Workiva/gotable/structures/rangetree/entries.go:22.2,23.27 2 1
github.com/Workiva/gotable/structures/rangetree/entries.go:18.37,20.3 1 1
github.com/Workiva/gotable/structures/rangetree/entries.go:26.27,28.2 1 1
github.com/Workiva/gotable/structures/rangetree/error.go:9.42,11.2 1 0
github.com/Workiva/gotable/structures/rangetree/error.go:19.48,24.2 1 0
