mode: set
github.com/Workiva/gotable/structures/graph/nodes.go:9.26,11.3 1 1
github.com/Workiva/gotable/structures/graph/nodes.go:19.49,21.28 2 1
github.com/Workiva/gotable/structures/graph/nodes.go:34.2,34.28 1 1
github.com/Workiva/gotable/structures/graph/nodes.go:38.2,38.14 1 1
github.com/Workiva/gotable/structures/graph/nodes.go:21.28,22.30 1 1
github.com/Workiva/gotable/structures/graph/nodes.go:29.3,29.33 1 1
github.com/Workiva/gotable/structures/graph/nodes.go:22.30,23.19 1 1
github.com/Workiva/gotable/structures/graph/nodes.go:23.19,25.10 2 1
github.com/Workiva/gotable/structures/graph/nodes.go:29.33,30.9 1 1
github.com/Workiva/gotable/structures/graph/nodes.go:34.28,36.3 1 1
github.com/Workiva/gotable/structures/graph/nodes.go:42.38,45.32 3 1
github.com/Workiva/gotable/structures/graph/nodes.go:48.2,48.14 1 1
github.com/Workiva/gotable/structures/graph/nodes.go:45.32,47.3 1 1
github.com/Workiva/gotable/structures/graph/nodes.go:53.44,54.26 1 1
github.com/Workiva/gotable/structures/graph/nodes.go:63.2,63.14 1 1
github.com/Workiva/gotable/structures/graph/nodes.go:54.26,55.15 1 1
github.com/Workiva/gotable/structures/graph/nodes.go:58.3,58.26 1 1
github.com/Workiva/gotable/structures/graph/nodes.go:55.15,56.12 1 0
github.com/Workiva/gotable/structures/graph/nodes.go:58.26,60.4 1 1
github.com/Workiva/gotable/structures/graph/nodes.go:68.31,69.35 1 1
github.com/Workiva/gotable/structures/graph/nodes.go:73.2,74.23 2 1
github.com/Workiva/gotable/structures/graph/nodes.go:69.35,71.3 1 1
github.com/Workiva/gotable/structures/graph/nodes.go:78.37,80.29 2 1
github.com/Workiva/gotable/structures/graph/nodes.go:86.2,86.16 1 1
github.com/Workiva/gotable/structures/graph/nodes.go:80.29,81.26 1 1
github.com/Workiva/gotable/structures/graph/nodes.go:81.26,83.4 1 1
github.com/Workiva/gotable/structures/graph/nodes.go:91.37,95.18 3 1
github.com/Workiva/gotable/structures/graph/nodes.go:102.2,103.10 2 1
github.com/Workiva/gotable/structures/graph/nodes.go:96.2,97.25 1 0
github.com/Workiva/gotable/structures/graph/nodes.go:98.2,99.16 1 1
github.com/Workiva/gotable/structures/graph/execution_graph.go:15.41,17.2 1 1
github.com/Workiva/gotable/structures/graph/execution_graph.go:23.73,24.38 1 1
github.com/Workiva/gotable/structures/graph/execution_graph.go:24.38,25.30 1 1
github.com/Workiva/gotable/structures/graph/execution_graph.go:25.30,27.15 2 1
github.com/Workiva/gotable/structures/graph/execution_graph.go:27.15,29.5 1 1
github.com/Workiva/gotable/structures/graph/execution_graph.go:35.22,37.29 1 1
github.com/Workiva/gotable/structures/graph/execution_graph.go:41.2,41.11 1 1
github.com/Workiva/gotable/structures/graph/execution_graph.go:37.29,39.3 1 1
github.com/Workiva/gotable/structures/graph/execution_graph.go:46.81,47.45 1 1
github.com/Workiva/gotable/structures/graph/execution_graph.go:52.2,54.38 2 1
github.com/Workiva/gotable/structures/graph/execution_graph.go:47.45,50.3 2 1
github.com/Workiva/gotable/structures/graph/execution_graph.go:54.38,55.39 1 1
github.com/Workiva/gotable/structures/graph/execution_graph.go:55.39,59.4 3 1
github.com/Workiva/gotable/structures/graph/execution_graph.go:59.4,62.33 3 1
github.com/Workiva/gotable/structures/graph/execution_graph.go:66.4,66.13 1 1
github.com/Workiva/gotable/structures/graph/execution_graph.go:62.33,64.5 1 1
github.com/Workiva/gotable/structures/graph/execution_graph.go:71.42,73.2 1 1
github.com/Workiva/gotable/structures/graph/graph.go:24.32,26.2 1 1
github.com/Workiva/gotable/structures/graph/graph.go:28.42,30.2 1 1
github.com/Workiva/gotable/structures/graph/graph.go:32.37,34.2 1 1
github.com/Workiva/gotable/structures/graph/graph.go:42.68,50.29 2 1
github.com/Workiva/gotable/structures/graph/graph.go:75.2,76.40 2 1
github.com/Workiva/gotable/structures/graph/graph.go:83.2,84.26 2 1
github.com/Workiva/gotable/structures/graph/graph.go:50.29,51.18 1 1
github.com/Workiva/gotable/structures/graph/graph.go:54.3,55.35 2 1
github.com/Workiva/gotable/structures/graph/graph.go:63.3,64.21 2 1
github.com/Workiva/gotable/structures/graph/graph.go:71.3,72.64 2 1
github.com/Workiva/gotable/structures/graph/graph.go:51.18,52.12 1 1
github.com/Workiva/gotable/structures/graph/graph.go:55.35,60.12 2 0
github.com/Workiva/gotable/structures/graph/graph.go:64.21,66.12 2 1
github.com/Workiva/gotable/structures/graph/graph.go:76.40,81.3 1 1
github.com/Workiva/gotable/structures/graph/graph.go:91.82,92.65 1 1
github.com/Workiva/gotable/structures/graph/graph.go:109.2,114.3 2 1
github.com/Workiva/gotable/structures/graph/graph.go:92.65,97.32 4 1
github.com/Workiva/gotable/structures/graph/graph.go:102.3,106.4 1 1
github.com/Workiva/gotable/structures/graph/graph.go:97.32,100.4 2 1
github.com/Workiva/gotable/structures/graph/graph.go:117.79,122.40 3 1
github.com/Workiva/gotable/structures/graph/graph.go:127.2,128.29 2 1
github.com/Workiva/gotable/structures/graph/graph.go:141.2,143.34 3 1
github.com/Workiva/gotable/structures/graph/graph.go:149.2,149.33 1 1
github.com/Workiva/gotable/structures/graph/graph.go:153.2,157.3 1 1
github.com/Workiva/gotable/structures/graph/graph.go:122.40,125.3 2 1
github.com/Workiva/gotable/structures/graph/graph.go:128.29,130.39 2 1
github.com/Workiva/gotable/structures/graph/graph.go:130.39,132.22 2 1
github.com/Workiva/gotable/structures/graph/graph.go:135.4,135.25 1 1
github.com/Workiva/gotable/structures/graph/graph.go:132.22,133.13 1 0
github.com/Workiva/gotable/structures/graph/graph.go:135.25,137.5 1 1
github.com/Workiva/gotable/structures/graph/graph.go:143.34,144.30 1 1
github.com/Workiva/gotable/structures/graph/graph.go:144.30,146.4 1 1
github.com/Workiva/gotable/structures/graph/graph.go:149.33,151.3 1 1
github.com/Workiva/gotable/structures/graph/graph.go:161.60,162.21 1 1
github.com/Workiva/gotable/structures/graph/graph.go:165.2,168.34 4 1
github.com/Workiva/gotable/structures/graph/graph.go:174.2,174.33 1 1
github.com/Workiva/gotable/structures/graph/graph.go:178.2,180.3 1 1
github.com/Workiva/gotable/structures/graph/graph.go:162.21,164.3 1 1
github.com/Workiva/gotable/structures/graph/graph.go:168.34,169.30 1 1
github.com/Workiva/gotable/structures/graph/graph.go:169.30,171.4 1 1
github.com/Workiva/gotable/structures/graph/graph.go:174.33,176.3 1 1
github.com/Workiva/gotable/structures/graph/graph.go:185.74,192.2 2 1
github.com/Workiva/gotable/structures/graph/graph.go:194.73,195.21 1 1
github.com/Workiva/gotable/structures/graph/graph.go:199.2,200.29 2 1
github.com/Workiva/gotable/structures/graph/graph.go:206.2,215.6 8 1
github.com/Workiva/gotable/structures/graph/graph.go:277.2,277.33 1 1
github.com/Workiva/gotable/structures/graph/graph.go:195.21,197.3 1 0
github.com/Workiva/gotable/structures/graph/graph.go:200.29,201.18 1 1
github.com/Workiva/gotable/structures/graph/graph.go:201.18,203.4 1 1
github.com/Workiva/gotable/structures/graph/graph.go:215.6,216.30 1 1
github.com/Workiva/gotable/structures/graph/graph.go:222.3,222.45 1 1
github.com/Workiva/gotable/structures/graph/graph.go:226.3,229.32 3 1
github.com/Workiva/gotable/structures/graph/graph.go:255.3,257.22 2 1
github.com/Workiva/gotable/structures/graph/graph.go:267.3,267.30 1 1
github.com/Workiva/gotable/structures/graph/graph.go:272.3,274.28 3 1
github.com/Workiva/gotable/structures/graph/graph.go:216.30,217.42 1 1
github.com/Workiva/gotable/structures/graph/graph.go:217.42,219.5 1 1
github.com/Workiva/gotable/structures/graph/graph.go:222.45,223.9 1 1
github.com/Workiva/gotable/structures/graph/graph.go:229.32,230.27 1 1
github.com/Workiva/gotable/structures/graph/graph.go:230.27,231.32 1 1
github.com/Workiva/gotable/structures/graph/graph.go:251.5,251.14 1 1
github.com/Workiva/gotable/structures/graph/graph.go:231.32,234.31 3 1
github.com/Workiva/gotable/structures/graph/graph.go:241.6,241.17 1 1
github.com/Workiva/gotable/structures/graph/graph.go:234.31,235.45 1 1
github.com/Workiva/gotable/structures/graph/graph.go:235.45,237.13 2 1
github.com/Workiva/gotable/structures/graph/graph.go:241.17,242.28 1 1
github.com/Workiva/gotable/structures/graph/graph.go:245.7,247.20 3 1
github.com/Workiva/gotable/structures/graph/graph.go:242.28,244.8 1 1
github.com/Workiva/gotable/structures/graph/graph.go:257.22,259.32 2 1
github.com/Workiva/gotable/structures/graph/graph.go:264.4,264.9 1 1
github.com/Workiva/gotable/structures/graph/graph.go:259.32,263.5 3 1
github.com/Workiva/gotable/structures/graph/graph.go:267.30,270.4 2 1
