mode: set
github.com/Workiva/gotable/structures/bitarray/iterator.go:10.49,13.2 2 1
github.com/Workiva/gotable/structures/bitarray/iterator.go:16.59,18.2 1 1
github.com/Workiva/gotable/structures/bitarray/iterator.go:20.81,25.2 1 1
github.com/Workiva/gotable/structures/bitarray/iterator.go:35.43,38.2 2 1
github.com/Workiva/gotable/structures/bitarray/iterator.go:41.53,43.2 1 1
github.com/Workiva/gotable/structures/bitarray/iterator.go:45.58,53.2 3 1
github.com/Workiva/gotable/structures/bitarray/or.go:4.34,6.29 1 1
github.com/Workiva/gotable/structures/bitarray/or.go:10.2,10.27 1 1
github.com/Workiva/gotable/structures/bitarray/or.go:14.2,20.6 6 1
github.com/Workiva/gotable/structures/bitarray/or.go:54.2,57.3 1 1
github.com/Workiva/gotable/structures/bitarray/or.go:6.29,8.3 1 1
github.com/Workiva/gotable/structures/bitarray/or.go:10.27,12.3 1 1
github.com/Workiva/gotable/structures/bitarray/or.go:20.6,22.72 1 1
github.com/Workiva/gotable/structures/bitarray/or.go:34.3,37.52 3 1
github.com/Workiva/gotable/structures/bitarray/or.go:22.72,23.9 1 1
github.com/Workiva/gotable/structures/bitarray/or.go:24.4,24.43 1 1
github.com/Workiva/gotable/structures/bitarray/or.go:24.43,27.9 3 1
github.com/Workiva/gotable/structures/bitarray/or.go:28.4,28.46 1 1
github.com/Workiva/gotable/structures/bitarray/or.go:28.46,31.9 3 1
github.com/Workiva/gotable/structures/bitarray/or.go:38.3,41.15 3 1
github.com/Workiva/gotable/structures/bitarray/or.go:42.3,45.16 3 1
github.com/Workiva/gotable/structures/bitarray/or.go:46.3,50.16 4 1
github.com/Workiva/gotable/structures/bitarray/or.go:60.79,61.44 1 1
github.com/Workiva/gotable/structures/bitarray/or.go:65.2,65.25 1 1
github.com/Workiva/gotable/structures/bitarray/or.go:69.2,74.6 5 1
github.com/Workiva/gotable/structures/bitarray/or.go:99.2,102.11 3 1
github.com/Workiva/gotable/structures/bitarray/or.go:61.44,63.3 1 1
github.com/Workiva/gotable/structures/bitarray/or.go:65.25,67.3 1 1
github.com/Workiva/gotable/structures/bitarray/or.go:74.6,75.71 1 1
github.com/Workiva/gotable/structures/bitarray/or.go:87.3,88.36 2 1
github.com/Workiva/gotable/structures/bitarray/or.go:95.3,96.15 2 1
github.com/Workiva/gotable/structures/bitarray/or.go:75.71,76.9 1 0
github.com/Workiva/gotable/structures/bitarray/or.go:77.4,77.43 1 1
github.com/Workiva/gotable/structures/bitarray/or.go:77.43,79.9 2 1
github.com/Workiva/gotable/structures/bitarray/or.go:80.4,80.45 1 1
github.com/Workiva/gotable/structures/bitarray/or.go:80.45,81.50 1 1
github.com/Workiva/gotable/structures/bitarray/or.go:84.4,84.9 1 1
github.com/Workiva/gotable/structures/bitarray/or.go:81.50,83.5 1 1
github.com/Workiva/gotable/structures/bitarray/or.go:88.36,92.12 4 1
github.com/Workiva/gotable/structures/bitarray/or.go:105.72,106.40 1 1
github.com/Workiva/gotable/structures/bitarray/or.go:110.2,110.44 1 1
github.com/Workiva/gotable/structures/bitarray/or.go:114.2,118.35 3 1
github.com/Workiva/gotable/structures/bitarray/or.go:132.2,135.11 3 1
github.com/Workiva/gotable/structures/bitarray/or.go:106.40,108.3 1 1
github.com/Workiva/gotable/structures/bitarray/or.go:110.44,112.3 1 1
github.com/Workiva/gotable/structures/bitarray/or.go:118.35,119.35 1 1
github.com/Workiva/gotable/structures/bitarray/or.go:124.3,124.37 1 1
github.com/Workiva/gotable/structures/bitarray/or.go:129.3,129.51 1 1
github.com/Workiva/gotable/structures/bitarray/or.go:119.35,121.9 2 1
github.com/Workiva/gotable/structures/bitarray/or.go:124.37,126.9 2 0
github.com/Workiva/gotable/structures/bitarray/sparse_bitarray.go:8.13,10.2 1 1
github.com/Workiva/gotable/structures/bitarray/sparse_bitarray.go:18.30,20.2 1 0
github.com/Workiva/gotable/structures/bitarray/sparse_bitarray.go:23.35,25.2 1 0
github.com/Workiva/gotable/structures/bitarray/sparse_bitarray.go:29.40,31.2 1 0
github.com/Workiva/gotable/structures/bitarray/sparse_bitarray.go:33.39,34.46 1 1
github.com/Workiva/gotable/structures/bitarray/sparse_bitarray.go:34.46,34.66 1 1
github.com/Workiva/gotable/structures/bitarray/sparse_bitarray.go:37.48,40.18 2 1
github.com/Workiva/gotable/structures/bitarray/sparse_bitarray.go:45.2,45.18 1 1
github.com/Workiva/gotable/structures/bitarray/sparse_bitarray.go:49.2,52.16 4 1
github.com/Workiva/gotable/structures/bitarray/sparse_bitarray.go:40.18,43.3 2 1
github.com/Workiva/gotable/structures/bitarray/sparse_bitarray.go:45.18,47.3 1 1
github.com/Workiva/gotable/structures/bitarray/sparse_bitarray.go:55.42,59.2 3 1
github.com/Workiva/gotable/structures/bitarray/sparse_bitarray.go:61.36,63.17 2 1
github.com/Workiva/gotable/structures/bitarray/sparse_bitarray.go:67.2,67.15 1 1
github.com/Workiva/gotable/structures/bitarray/sparse_bitarray.go:71.2,71.11 1 0
github.com/Workiva/gotable/structures/bitarray/sparse_bitarray.go:63.17,65.3 1 1
github.com/Workiva/gotable/structures/bitarray/sparse_bitarray.go:67.15,69.3 1 1
github.com/Workiva/gotable/structures/bitarray/sparse_bitarray.go:76.36,77.22 1 1
github.com/Workiva/gotable/structures/bitarray/sparse_bitarray.go:82.2,84.24 3 1
github.com/Workiva/gotable/structures/bitarray/sparse_bitarray.go:77.22,80.3 2 1
github.com/Workiva/gotable/structures/bitarray/sparse_bitarray.go:87.39,91.2 3 1
github.com/Workiva/gotable/structures/bitarray/sparse_bitarray.go:99.49,102.14 3 1
github.com/Workiva/gotable/structures/bitarray/sparse_bitarray.go:105.2,106.12 2 1
github.com/Workiva/gotable/structures/bitarray/sparse_bitarray.go:102.14,104.3 1 1
github.com/Workiva/gotable/structures/bitarray/sparse_bitarray.go:110.57,113.13 3 1
github.com/Workiva/gotable/structures/bitarray/sparse_bitarray.go:117.2,117.41 1 1
github.com/Workiva/gotable/structures/bitarray/sparse_bitarray.go:113.13,115.3 1 1
github.com/Workiva/gotable/structures/bitarray/sparse_bitarray.go:121.51,124.13 3 1
github.com/Workiva/gotable/structures/bitarray/sparse_bitarray.go:128.2,129.24 2 1
github.com/Workiva/gotable/structures/bitarray/sparse_bitarray.go:134.2,134.12 1 1
github.com/Workiva/gotable/structures/bitarray/sparse_bitarray.go:124.13,126.3 1 0
github.com/Workiva/gotable/structures/bitarray/sparse_bitarray.go:129.24,132.3 2 1
github.com/Workiva/gotable/structures/bitarray/sparse_bitarray.go:138.36,141.2 2 1
github.com/Workiva/gotable/structures/bitarray/sparse_bitarray.go:144.46,146.2 1 1
github.com/Workiva/gotable/structures/bitarray/sparse_bitarray.go:150.44,151.27 1 1
github.com/Workiva/gotable/structures/bitarray/sparse_bitarray.go:155.2,155.44 1 1
github.com/Workiva/gotable/structures/bitarray/sparse_bitarray.go:151.27,153.3 1 1
github.com/Workiva/gotable/structures/bitarray/sparse_bitarray.go:160.56,161.49 1 1
github.com/Workiva/gotable/structures/bitarray/sparse_bitarray.go:165.2,166.43 2 1
github.com/Workiva/gotable/structures/bitarray/sparse_bitarray.go:198.2,198.13 1 1
github.com/Workiva/gotable/structures/bitarray/sparse_bitarray.go:161.49,163.3 1 1
github.com/Workiva/gotable/structures/bitarray/sparse_bitarray.go:166.43,168.28 2 1
github.com/Workiva/gotable/structures/bitarray/sparse_bitarray.go:176.3,176.42 1 1
github.com/Workiva/gotable/structures/bitarray/sparse_bitarray.go:180.3,180.42 1 1
github.com/Workiva/gotable/structures/bitarray/sparse_bitarray.go:187.3,187.42 1 1
github.com/Workiva/gotable/structures/bitarray/sparse_bitarray.go:191.3,191.48 1 1
github.com/Workiva/gotable/structures/bitarray/sparse_bitarray.go:195.3,195.14 1 1
github.com/Workiva/gotable/structures/bitarray/sparse_bitarray.go:168.28,169.22 1 1
github.com/Workiva/gotable/structures/bitarray/sparse_bitarray.go:173.4,173.12 1 1
github.com/Workiva/gotable/structures/bitarray/sparse_bitarray.go:169.22,171.5 1 1
github.com/Workiva/gotable/structures/bitarray/sparse_bitarray.go:176.42,178.4 1 1
github.com/Workiva/gotable/structures/bitarray/sparse_bitarray.go:180.42,181.22 1 0
github.com/Workiva/gotable/structures/bitarray/sparse_bitarray.go:184.4,184.12 1 0
github.com/Workiva/gotable/structures/bitarray/sparse_bitarray.go:181.22,183.5 1 0
github.com/Workiva/gotable/structures/bitarray/sparse_bitarray.go:187.42,189.4 1 0
github.com/Workiva/gotable/structures/bitarray/sparse_bitarray.go:191.48,193.4 1 0
github.com/Workiva/gotable/structures/bitarray/sparse_bitarray.go:201.56,202.43 1 0
github.com/Workiva/gotable/structures/bitarray/sparse_bitarray.go:206.2,206.58 1 0
github.com/Workiva/gotable/structures/bitarray/sparse_bitarray.go:202.43,204.3 1 0
github.com/Workiva/gotable/structures/bitarray/sparse_bitarray.go:209.51,218.2 5 1
github.com/Workiva/gotable/structures/bitarray/sparse_bitarray.go:222.60,223.27 1 1
github.com/Workiva/gotable/structures/bitarray/sparse_bitarray.go:227.2,228.43 2 1
github.com/Workiva/gotable/structures/bitarray/sparse_bitarray.go:254.2,254.13 1 1
github.com/Workiva/gotable/structures/bitarray/sparse_bitarray.go:223.27,225.3 1 1
github.com/Workiva/gotable/structures/bitarray/sparse_bitarray.go:228.43,230.28 2 1
github.com/Workiva/gotable/structures/bitarray/sparse_bitarray.go:237.3,239.28 2 1
github.com/Workiva/gotable/structures/bitarray/sparse_bitarray.go:243.3,243.31 1 1
github.com/Workiva/gotable/structures/bitarray/sparse_bitarray.go:247.3,247.44 1 1
github.com/Workiva/gotable/structures/bitarray/sparse_bitarray.go:251.3,251.16 1 1
github.com/Workiva/gotable/structures/bitarray/sparse_bitarray.go:230.28,231.22 1 1
github.com/Workiva/gotable/structures/bitarray/sparse_bitarray.go:234.4,234.12 1 1
github.com/Workiva/gotable/structures/bitarray/sparse_bitarray.go:231.22,233.5 1 1
github.com/Workiva/gotable/structures/bitarray/sparse_bitarray.go:239.28,241.4 1 1
github.com/Workiva/gotable/structures/bitarray/sparse_bitarray.go:243.31,245.4 1 0
github.com/Workiva/gotable/structures/bitarray/sparse_bitarray.go:247.44,249.4 1 1
github.com/Workiva/gotable/structures/bitarray/sparse_bitarray.go:257.42,259.2 1 1
github.com/Workiva/gotable/structures/bitarray/sparse_bitarray.go:263.35,265.2 1 0
github.com/Workiva/gotable/structures/bitarray/util.go:4.36,6.33 2 1
github.com/Workiva/gotable/structures/bitarray/util.go:12.2,12.15 1 1
github.com/Workiva/gotable/structures/bitarray/util.go:6.33,7.23 1 1
github.com/Workiva/gotable/structures/bitarray/util.go:7.23,9.4 1 0
github.com/Workiva/gotable/structures/bitarray/util.go:16.39,18.33 2 1
github.com/Workiva/gotable/structures/bitarray/util.go:24.2,24.15 1 1
github.com/Workiva/gotable/structures/bitarray/util.go:18.33,19.23 1 1
github.com/Workiva/gotable/structures/bitarray/util.go:19.23,21.4 1 1
github.com/Workiva/gotable/structures/bitarray/bitarray.go:17.48,19.2 1 1
github.com/Workiva/gotable/structures/bitarray/bitarray.go:21.33,22.38 1 1
github.com/Workiva/gotable/structures/bitarray/bitarray.go:33.2,35.16 3 0
github.com/Workiva/gotable/structures/bitarray/bitarray.go:22.38,23.24 1 1
github.com/Workiva/gotable/structures/bitarray/bitarray.go:27.3,30.9 4 1
github.com/Workiva/gotable/structures/bitarray/bitarray.go:23.24,24.12 1 0
github.com/Workiva/gotable/structures/bitarray/bitarray.go:38.34,39.43 1 1
github.com/Workiva/gotable/structures/bitarray/bitarray.go:50.2,52.15 3 1
github.com/Workiva/gotable/structures/bitarray/bitarray.go:39.43,40.24 1 1
github.com/Workiva/gotable/structures/bitarray/bitarray.go:44.3,47.9 4 1
github.com/Workiva/gotable/structures/bitarray/bitarray.go:40.24,41.12 1 1
github.com/Workiva/gotable/structures/bitarray/bitarray.go:56.37,58.2 1 1
github.com/Workiva/gotable/structures/bitarray/bitarray.go:61.42,62.23 1 1
github.com/Workiva/gotable/structures/bitarray/bitarray.go:66.2,66.16 1 1
github.com/Workiva/gotable/structures/bitarray/bitarray.go:76.2,80.12 4 1
github.com/Workiva/gotable/structures/bitarray/bitarray.go:62.23,64.3 1 1
github.com/Workiva/gotable/structures/bitarray/bitarray.go:66.16,69.3 2 1
github.com/Workiva/gotable/structures/bitarray/bitarray.go:69.3,70.20 1 1
github.com/Workiva/gotable/structures/bitarray/bitarray.go:70.20,72.4 1 1
github.com/Workiva/gotable/structures/bitarray/bitarray.go:72.4,72.28 1 1
github.com/Workiva/gotable/structures/bitarray/bitarray.go:72.28,74.4 1 1
github.com/Workiva/gotable/structures/bitarray/bitarray.go:85.50,86.23 1 1
github.com/Workiva/gotable/structures/bitarray/bitarray.go:90.2,92.20 3 1
github.com/Workiva/gotable/structures/bitarray/bitarray.go:86.23,88.3 1 1
github.com/Workiva/gotable/structures/bitarray/bitarray.go:96.44,97.23 1 1
github.com/Workiva/gotable/structures/bitarray/bitarray.go:101.2,101.16 1 1
github.com/Workiva/gotable/structures/bitarray/bitarray.go:105.2,108.21 3 1
github.com/Workiva/gotable/structures/bitarray/bitarray.go:113.2,113.12 1 1
github.com/Workiva/gotable/structures/bitarray/bitarray.go:97.23,99.3 1 0
github.com/Workiva/gotable/structures/bitarray/bitarray.go:101.16,103.3 1 1
github.com/Workiva/gotable/structures/bitarray/bitarray.go:108.21,110.3 1 1
github.com/Workiva/gotable/structures/bitarray/bitarray.go:110.3,110.27 1 1
github.com/Workiva/gotable/structures/bitarray/bitarray.go:110.27,112.3 1 1
github.com/Workiva/gotable/structures/bitarray/bitarray.go:117.29,118.38 1 1
github.com/Workiva/gotable/structures/bitarray/bitarray.go:121.2,121.19 1 1
github.com/Workiva/gotable/structures/bitarray/bitarray.go:118.38,120.3 1 1
github.com/Workiva/gotable/structures/bitarray/bitarray.go:125.49,126.45 1 1
github.com/Workiva/gotable/structures/bitarray/bitarray.go:130.2,130.41 1 1
github.com/Workiva/gotable/structures/bitarray/bitarray.go:134.2,135.43 2 1
github.com/Workiva/gotable/structures/bitarray/bitarray.go:152.2,153.28 2 1
github.com/Workiva/gotable/structures/bitarray/bitarray.go:157.2,157.13 1 1
github.com/Workiva/gotable/structures/bitarray/bitarray.go:126.45,128.3 1 1
github.com/Workiva/gotable/structures/bitarray/bitarray.go:130.41,132.3 1 1
github.com/Workiva/gotable/structures/bitarray/bitarray.go:135.43,137.26 2 1
github.com/Workiva/gotable/structures/bitarray/bitarray.go:145.3,146.47 2 1
github.com/Workiva/gotable/structures/bitarray/bitarray.go:149.3,149.14 1 1
github.com/Workiva/gotable/structures/bitarray/bitarray.go:137.26,138.41 1 1
github.com/Workiva/gotable/structures/bitarray/bitarray.go:138.41,139.25 1 1
github.com/Workiva/gotable/structures/bitarray/bitarray.go:139.25,141.6 1 0
github.com/Workiva/gotable/structures/bitarray/bitarray.go:146.47,148.4 1 1
github.com/Workiva/gotable/structures/bitarray/bitarray.go:153.28,155.3 1 1
github.com/Workiva/gotable/structures/bitarray/bitarray.go:164.53,165.38 1 1
github.com/Workiva/gotable/structures/bitarray/bitarray.go:169.2,169.44 1 1
github.com/Workiva/gotable/structures/bitarray/bitarray.go:173.2,173.54 1 1
github.com/Workiva/gotable/structures/bitarray/bitarray.go:165.38,167.3 1 1
github.com/Workiva/gotable/structures/bitarray/bitarray.go:169.44,171.3 1 1
github.com/Workiva/gotable/structures/bitarray/bitarray.go:177.39,179.2 1 1
github.com/Workiva/gotable/structures/bitarray/bitarray.go:182.34,183.38 1 1
github.com/Workiva/gotable/structures/bitarray/bitarray.go:187.2,188.15 2 1
github.com/Workiva/gotable/structures/bitarray/bitarray.go:183.38,185.3 1 1
github.com/Workiva/gotable/structures/bitarray/bitarray.go:188.15,190.3 1 1
github.com/Workiva/gotable/structures/bitarray/bitarray.go:193.74,194.38 1 1
github.com/Workiva/gotable/structures/bitarray/bitarray.go:200.2,200.13 1 1
github.com/Workiva/gotable/structures/bitarray/bitarray.go:194.38,195.52 1 1
github.com/Workiva/gotable/structures/bitarray/bitarray.go:195.52,197.4 1 1
github.com/Workiva/gotable/structures/bitarray/bitarray.go:203.67,204.37 1 1
github.com/Workiva/gotable/structures/bitarray/bitarray.go:210.2,210.13 1 1
github.com/Workiva/gotable/structures/bitarray/bitarray.go:204.37,205.38 1 1
github.com/Workiva/gotable/structures/bitarray/bitarray.go:205.38,207.4 1 1
github.com/Workiva/gotable/structures/bitarray/bitarray.go:213.37,222.2 3 1
github.com/Workiva/gotable/structures/bitarray/bitarray.go:227.53,229.11 2 1
github.com/Workiva/gotable/structures/bitarray/bitarray.go:233.2,238.38 2 1
github.com/Workiva/gotable/structures/bitarray/bitarray.go:248.2,248.11 1 1
github.com/Workiva/gotable/structures/bitarray/bitarray.go:229.11,231.3 1 1
github.com/Workiva/gotable/structures/bitarray/bitarray.go:238.38,239.39 1 1
github.com/Workiva/gotable/structures/bitarray/bitarray.go:243.3,245.19 3 1
github.com/Workiva/gotable/structures/bitarray/bitarray.go:239.39,241.4 1 1
github.com/Workiva/gotable/structures/bitarray/bitarray.go:254.52,256.2 1 0
github.com/Workiva/gotable/structures/bitarray/block.go:11.40,12.29 1 1
github.com/Workiva/gotable/structures/bitarray/block.go:19.2,19.10 1 0
github.com/Workiva/gotable/structures/bitarray/block.go:12.29,14.21 2 1
github.com/Workiva/gotable/structures/bitarray/block.go:14.21,16.4 1 1
github.com/Workiva/gotable/structures/bitarray/block.go:22.41,23.31 1 1
github.com/Workiva/gotable/structures/bitarray/block.go:30.2,30.10 1 0
github.com/Workiva/gotable/structures/bitarray/block.go:23.31,25.21 2 1
github.com/Workiva/gotable/structures/bitarray/block.go:25.21,27.4 1 1
github.com/Workiva/gotable/structures/bitarray/block.go:33.44,35.2 1 1
github.com/Workiva/gotable/structures/bitarray/block.go:37.44,39.2 1 1
github.com/Workiva/gotable/structures/bitarray/block.go:41.38,43.2 1 1
github.com/Workiva/gotable/structures/bitarray/block.go:45.40,47.2 1 1
github.com/Workiva/gotable/structures/bitarray/block.go:49.41,51.2 1 1
github.com/Workiva/gotable/structures/bitarray/block.go:53.45,55.2 1 1
github.com/Workiva/gotable/structures/bitarray/error.go:14.43,16.2 1 0
github.com/Workiva/gotable/structures/bitarray/error.go:18.39,20.2 1 1
